INFO	?	main	2016-12-04T05:01:00.775Z	org.javacs.Main#connectToNode	Connected to parent using socket on port 55282
INFO	?	main	2016-12-04T05:01:01.104Z	org.javacs.JavaLanguageServer#doLint	Lint [c:\Users\dutta\Dropbox\Apps\Github\YourSQLBank\src\model\YourSQLBank.java]
INFO	?	main	2016-12-04T05:01:21.413Z	org.javacs.JavaLanguageServer#doLint	Lint [c:\Users\dutta\Dropbox\Apps\Github\YourSQLBank\src\model\YourSQLBank.java]
SEVERE	?	main	2016-12-04T05:01:30.946Z	org.javacs.Main$4#onError	Can't find configuration file for c:\Users\dutta\Dropbox\Apps\Github\YourSQLBank\src\model\YourSQLBank.java
org.javacs.NoJavaConfigException: Can't find configuration file for c:\Users\dutta\Dropbox\Apps\Github\YourSQLBank\src\model\YourSQLBank.java
	at org.javacs.JavaLanguageServer.lambda$findCompiler$21(JavaLanguageServer.java:479)
	at java.util.Optional.orElseThrow(Optional.java:290)
	at org.javacs.JavaLanguageServer.findCompiler(JavaLanguageServer.java:479)
	at org.javacs.JavaLanguageServer.findTree(JavaLanguageServer.java:809)
	at org.javacs.JavaLanguageServer.lambda$doHover$34(JavaLanguageServer.java:983)
	at java.util.Optional.ifPresent(Optional.java:159)
	at org.javacs.JavaLanguageServer.doHover(JavaLanguageServer.java:982)
	at org.javacs.JavaLanguageServer.access$000(JavaLanguageServer.java:31)
	at org.javacs.JavaLanguageServer$1.hover(JavaLanguageServer.java:118)
	at io.typefox.lsapi.services.transport.server.LanguageServerEndpoint._doAccept(LanguageServerEndpoint.xtend:130)
	at io.typefox.lsapi.services.transport.server.LanguageServerEndpoint.doAccept(LanguageServerEndpoint.xtend:117)
	at io.typefox.lsapi.services.transport.server.LanguageServerEndpoint.accept(LanguageServerEndpoint.xtend:114)
	at io.typefox.lsapi.services.transport.server.LanguageServerEndpoint.accept(LanguageServerEndpoint.xtend)
	at io.typefox.lsapi.services.transport.AbstractLanguageEndpoint.handleMessage(LanguageEndpoint.xtend:67)
	at io.typefox.lsapi.services.transport.AbstractLanguageEndpoint.lambda$connect$4(LanguageEndpoint.xtend:61)
	at io.typefox.lsapi.services.json.StreamMessageReader$1.apply(StreamMessageReader.java:46)
	at io.typefox.lsapi.services.json.StreamMessageReader$1.apply(StreamMessageReader.java:44)
	at io.typefox.lsapi.services.json.StreamMessageReader.handleMessage(StreamMessageReader.xtend:128)
	at io.typefox.lsapi.services.json.StreamMessageReader.listen(StreamMessageReader.xtend:61)
	at io.typefox.lsapi.services.transport.AbstractLanguageEndpoint.connect(LanguageEndpoint.xtend:60)
	at org.javacs.Main.run(Main.java:150)
	at org.javacs.Main.main(Main.java:69)

INFO	?	main	2016-12-04T05:01:35.784Z	org.javacs.JavaLanguageServer#doLint	Lint [c:\Users\dutta\Dropbox\Apps\Github\YourSQLBank\src\model\YourSQLBank.java]
SEVERE	?	main	2016-12-04T05:01:43.233Z	org.javacs.Main$4#onError	Can't find configuration file for c:\Users\dutta\Dropbox\Apps\Github\YourSQLBank\src\model\YourSQLBank.java
org.javacs.NoJavaConfigException: Can't find configuration file for c:\Users\dutta\Dropbox\Apps\Github\YourSQLBank\src\model\YourSQLBank.java
	at org.javacs.JavaLanguageServer.lambda$findCompiler$21(JavaLanguageServer.java:479)
	at java.util.Optional.orElseThrow(Optional.java:290)
	at org.javacs.JavaLanguageServer.findCompiler(JavaLanguageServer.java:479)
	at org.javacs.JavaLanguageServer.findTree(JavaLanguageServer.java:809)
	at org.javacs.JavaLanguageServer.lambda$doHover$34(JavaLanguageServer.java:983)
	at java.util.Optional.ifPresent(Optional.java:159)
	at org.javacs.JavaLanguageServer.doHover(JavaLanguageServer.java:982)
	at org.javacs.JavaLanguageServer.access$000(JavaLanguageServer.java:31)
	at org.javacs.JavaLanguageServer$1.hover(JavaLanguageServer.java:118)
	at io.typefox.lsapi.services.transport.server.LanguageServerEndpoint._doAccept(LanguageServerEndpoint.xtend:130)
	at io.typefox.lsapi.services.transport.server.LanguageServerEndpoint.doAccept(LanguageServerEndpoint.xtend:117)
	at io.typefox.lsapi.services.transport.server.LanguageServerEndpoint.accept(LanguageServerEndpoint.xtend:114)
	at io.typefox.lsapi.services.transport.server.LanguageServerEndpoint.accept(LanguageServerEndpoint.xtend)
	at io.typefox.lsapi.services.transport.AbstractLanguageEndpoint.handleMessage(LanguageEndpoint.xtend:67)
	at io.typefox.lsapi.services.transport.AbstractLanguageEndpoint.lambda$connect$4(LanguageEndpoint.xtend:61)
	at io.typefox.lsapi.services.json.StreamMessageReader$1.apply(StreamMessageReader.java:46)
	at io.typefox.lsapi.services.json.StreamMessageReader$1.apply(StreamMessageReader.java:44)
	at io.typefox.lsapi.services.json.StreamMessageReader.handleMessage(StreamMessageReader.xtend:128)
	at io.typefox.lsapi.services.json.StreamMessageReader.listen(StreamMessageReader.xtend:61)
	at io.typefox.lsapi.services.transport.AbstractLanguageEndpoint.connect(LanguageEndpoint.xtend:60)
	at org.javacs.Main.run(Main.java:150)
	at org.javacs.Main.main(Main.java:69)

SEVERE	?	main	2016-12-04T05:01:47.156Z	org.javacs.Main$4#onError	Can't find configuration file for c:\Users\dutta\Dropbox\Apps\Github\YourSQLBank\src\model\YourSQLBank.java
org.javacs.NoJavaConfigException: Can't find configuration file for c:\Users\dutta\Dropbox\Apps\Github\YourSQLBank\src\model\YourSQLBank.java
	at org.javacs.JavaLanguageServer.lambda$findCompiler$21(JavaLanguageServer.java:479)
	at java.util.Optional.orElseThrow(Optional.java:290)
	at org.javacs.JavaLanguageServer.findCompiler(JavaLanguageServer.java:479)
	at org.javacs.JavaLanguageServer.findTree(JavaLanguageServer.java:809)
	at org.javacs.JavaLanguageServer.lambda$doHover$34(JavaLanguageServer.java:983)
	at java.util.Optional.ifPresent(Optional.java:159)
	at org.javacs.JavaLanguageServer.doHover(JavaLanguageServer.java:982)
	at org.javacs.JavaLanguageServer.access$000(JavaLanguageServer.java:31)
	at org.javacs.JavaLanguageServer$1.hover(JavaLanguageServer.java:118)
	at io.typefox.lsapi.services.transport.server.LanguageServerEndpoint._doAccept(LanguageServerEndpoint.xtend:130)
	at io.typefox.lsapi.services.transport.server.LanguageServerEndpoint.doAccept(LanguageServerEndpoint.xtend:117)
	at io.typefox.lsapi.services.transport.server.LanguageServerEndpoint.accept(LanguageServerEndpoint.xtend:114)
	at io.typefox.lsapi.services.transport.server.LanguageServerEndpoint.accept(LanguageServerEndpoint.xtend)
	at io.typefox.lsapi.services.transport.AbstractLanguageEndpoint.handleMessage(LanguageEndpoint.xtend:67)
	at io.typefox.lsapi.services.transport.AbstractLanguageEndpoint.lambda$connect$4(LanguageEndpoint.xtend:61)
	at io.typefox.lsapi.services.json.StreamMessageReader$1.apply(StreamMessageReader.java:46)
	at io.typefox.lsapi.services.json.StreamMessageReader$1.apply(StreamMessageReader.java:44)
	at io.typefox.lsapi.services.json.StreamMessageReader.handleMessage(StreamMessageReader.xtend:128)
	at io.typefox.lsapi.services.json.StreamMessageReader.listen(StreamMessageReader.xtend:61)
	at io.typefox.lsapi.services.transport.AbstractLanguageEndpoint.connect(LanguageEndpoint.xtend:60)
	at org.javacs.Main.run(Main.java:150)
	at org.javacs.Main.main(Main.java:69)

SEVERE	?	main	2016-12-04T05:01:47.432Z	org.javacs.Main$4#onError	Can't find configuration file for c:\Users\dutta\Dropbox\Apps\Github\YourSQLBank\src\model\YourSQLBank.java
org.javacs.NoJavaConfigException: Can't find configuration file for c:\Users\dutta\Dropbox\Apps\Github\YourSQLBank\src\model\YourSQLBank.java
	at org.javacs.JavaLanguageServer.lambda$findCompiler$21(JavaLanguageServer.java:479)
	at java.util.Optional.orElseThrow(Optional.java:290)
	at org.javacs.JavaLanguageServer.findCompiler(JavaLanguageServer.java:479)
	at org.javacs.JavaLanguageServer.findTree(JavaLanguageServer.java:809)
	at org.javacs.JavaLanguageServer.lambda$doHover$34(JavaLanguageServer.java:983)
	at java.util.Optional.ifPresent(Optional.java:159)
	at org.javacs.JavaLanguageServer.doHover(JavaLanguageServer.java:982)
	at org.javacs.JavaLanguageServer.access$000(JavaLanguageServer.java:31)
	at org.javacs.JavaLanguageServer$1.hover(JavaLanguageServer.java:118)
	at io.typefox.lsapi.services.transport.server.LanguageServerEndpoint._doAccept(LanguageServerEndpoint.xtend:130)
	at io.typefox.lsapi.services.transport.server.LanguageServerEndpoint.doAccept(LanguageServerEndpoint.xtend:117)
	at io.typefox.lsapi.services.transport.server.LanguageServerEndpoint.accept(LanguageServerEndpoint.xtend:114)
	at io.typefox.lsapi.services.transport.server.LanguageServerEndpoint.accept(LanguageServerEndpoint.xtend)
	at io.typefox.lsapi.services.transport.AbstractLanguageEndpoint.handleMessage(LanguageEndpoint.xtend:67)
	at io.typefox.lsapi.services.transport.AbstractLanguageEndpoint.lambda$connect$4(LanguageEndpoint.xtend:61)
	at io.typefox.lsapi.services.json.StreamMessageReader$1.apply(StreamMessageReader.java:46)
	at io.typefox.lsapi.services.json.StreamMessageReader$1.apply(StreamMessageReader.java:44)
	at io.typefox.lsapi.services.json.StreamMessageReader.handleMessage(StreamMessageReader.xtend:128)
	at io.typefox.lsapi.services.json.StreamMessageReader.listen(StreamMessageReader.xtend:61)
	at io.typefox.lsapi.services.transport.AbstractLanguageEndpoint.connect(LanguageEndpoint.xtend:60)
	at org.javacs.Main.run(Main.java:150)
	at org.javacs.Main.main(Main.java:69)

SEVERE	?	main	2016-12-04T05:01:53.631Z	org.javacs.Main$4#onError	Can't find configuration file for c:\Users\dutta\Dropbox\Apps\Github\YourSQLBank\src\model\YourSQLBank.java
org.javacs.NoJavaConfigException: Can't find configuration file for c:\Users\dutta\Dropbox\Apps\Github\YourSQLBank\src\model\YourSQLBank.java
	at org.javacs.JavaLanguageServer.lambda$findCompiler$21(JavaLanguageServer.java:479)
	at java.util.Optional.orElseThrow(Optional.java:290)
	at org.javacs.JavaLanguageServer.findCompiler(JavaLanguageServer.java:479)
	at org.javacs.JavaLanguageServer.findTree(JavaLanguageServer.java:809)
	at org.javacs.JavaLanguageServer.lambda$doHover$34(JavaLanguageServer.java:983)
	at java.util.Optional.ifPresent(Optional.java:159)
	at org.javacs.JavaLanguageServer.doHover(JavaLanguageServer.java:982)
	at org.javacs.JavaLanguageServer.access$000(JavaLanguageServer.java:31)
	at org.javacs.JavaLanguageServer$1.hover(JavaLanguageServer.java:118)
	at io.typefox.lsapi.services.transport.server.LanguageServerEndpoint._doAccept(LanguageServerEndpoint.xtend:130)
	at io.typefox.lsapi.services.transport.server.LanguageServerEndpoint.doAccept(LanguageServerEndpoint.xtend:117)
	at io.typefox.lsapi.services.transport.server.LanguageServerEndpoint.accept(LanguageServerEndpoint.xtend:114)
	at io.typefox.lsapi.services.transport.server.LanguageServerEndpoint.accept(LanguageServerEndpoint.xtend)
	at io.typefox.lsapi.services.transport.AbstractLanguageEndpoint.handleMessage(LanguageEndpoint.xtend:67)
	at io.typefox.lsapi.services.transport.AbstractLanguageEndpoint.lambda$connect$4(LanguageEndpoint.xtend:61)
	at io.typefox.lsapi.services.json.StreamMessageReader$1.apply(StreamMessageReader.java:46)
	at io.typefox.lsapi.services.json.StreamMessageReader$1.apply(StreamMessageReader.java:44)
	at io.typefox.lsapi.services.json.StreamMessageReader.handleMessage(StreamMessageReader.xtend:128)
	at io.typefox.lsapi.services.json.StreamMessageReader.listen(StreamMessageReader.xtend:61)
	at io.typefox.lsapi.services.transport.AbstractLanguageEndpoint.connect(LanguageEndpoint.xtend:60)
	at org.javacs.Main.run(Main.java:150)
	at org.javacs.Main.main(Main.java:69)

